


[LOG] Mirroring logs to the standard output...
[LOG] Current Working Directory: C:\Program Files (x86)\Stencyl
[LOG] Reading... global
[LOG] LANGUAGE WARNING: Empty Line.
[LOG] Finished reading lang/en/global.lang
[LOG] Reading... prefs
[LOG] Finished reading lang/en/prefs.lang
[LOG] Reading... gamedg
[LOG] Finished reading lang/en/gamedg.lang
[LOG] Reading... spritedg
[LOG] Finished reading lang/en/spritedg.lang
[LOG] Reading... tset
[LOG] Finished reading lang/en/tset.lang
[LOG] Reading... actor
[LOG] Finished reading lang/en/actor.lang
[LOG] Reading... scene
[LOG] Finished reading lang/en/scene.lang
[LOG] Reading... snippet
[LOG] Finished reading lang/en/snippet.lang
[LOG] Reading... blocks
[LOG] Finished reading lang/en/blocks.lang
[LOG] Reading... blockhelp
[LOG] Finished reading lang/en/blockhelp.lang
[LOG] Initializing Stencyl
[LOG] Failed to load Growl library
[LOG] MAXIMIZED FRAME
[LOG] Activated: Welcome Center
[LOG] Checking workspace writability and location: C:\Users\Joris/AppData/Roaming/Stencyl/temp
[LOG] Response: user::
[LOG] Logged in as: jojva
[LOG] Usergroup: Registered
[ERR] Attempting to log in
[LOG] Connected to StencylTalk as: jojva@stencyl.com/stencyl-1357997602591
[LOG] Refreshing friends list
[LOG] Presence changed: apoclyptika@stencyl.com/stencyl-1357996108455 available
[LOG] 200
[LOG] http://www.stencyl.com/sw/updater/getVersions/stencylworksBeta
[LOG] HTTP/1.1 200 OK
<r>
<server status = '200' version = '1beta' time = '1299439687' />	<version required="true" build="502" name="2.2.0" month="06" day="22" year="12" />
	<version required="true" build="501" name="2.1.0" month="05" day="25" year="12" />
	<version required="true" build="500" name="2.0.0" month="04" day="20" year="12" />
	<version required="false" build="415" name="1.4.1" month="01" day="23" year="12" />
	<version required="false" build="414" name="1.4.0" month="01" day="22" year="12" />
	<version required="false" build="413" name="1.3.4" month="12" day="19" year="11" />
	<version required="false" build="412" name="1.3.3" month="12" day="14" year="11" />
	<version required="false" build="411" name="1.3.2" month="12" day="12" year="11" />
	<version required="false" build="410" name="1.3.1" month="12" day="10" year="11" />
	<version required="false" build="409" name="1.3.0" month="12" day="09" year="11" />
	<version required="false" build="408" name="1.2.1" month="10" day="27" year="11" />
	<version required="false" build="407" name="1.2.0" month="10" day="26" year="11" />
	<version required="false" build="406" name="1.1.1" month="09" day="13" year="11" />
	<version required="false" build="405" name="1.1.0" month="09" day="08" year="11" />
	<version required="false" build="404" name="1.0.4" month="07" day="23" year="11" />
	<version required="false" build="403" name="1.0.3" month="07" day="21" year="11" />
	<version required="false" build="402" name="1.0.2" month="06" day="30" year="11" />
	<version required="false" build="401" name="1.0.1" month="05" day="31" year="11" />
	<version required="false" build="400" name="1.0.0" month="05" day="18" year="11" />
	<version required="false" build="399" name="0.9.9" month="05" day="18" year="11" />
</r>
<r><updateRootUrl value="http://static.stencyl.com/sw/stencylworksBeta/502" /></r>
[LOG] http://static.stencyl.com/sw/stencylworksBeta/502/html/filelist
[LOG] HTTP/1.1 200 OK
[LOG] Action: Import Game...
[LOG] Copy file from: C:\Users\Joris\Dropbox\Stencyl\youpla boom\Lolilol Knight.stencyl to: C:\Users\Joris\AppData\Local\Temp\stencyl8876645160415768486Lolilol Knight.zip
[LOG] Took 350ms
[LOG] Loading attribute into tree: Players
[LOG] Loading attribute into tree: Tiles
[LOG] Loading attribute into tree: Doodads
[LOG] Loading attribute into tree: Actors
[LOG] Loading attribute into tree: Regions
[LOG] Device OS: 4.3
[LOG] Simulator OS: 4.3
[LOG] Activated: Dashboard
[ERR] Could not delete file: C:\Users\Joris\AppData\Local\Temp\stencyl8876645160415768486\sandbox\build\code
[LOG] Took 1742ms
[LOG] Could not parse: C:\Users\Joris\AppData\Roaming\Stencyl\stencylworks\games\Lolilol Knight\resources\data.xml.bak
[LOG] Action: Close Game
[LOG] Resetting workspace.
[LOG] Missing: sactor.ispaused
[LOG] Missing: sactor.ispaused
[LOG] Activated: Welcome Center
[LOG] Action: Import Game...
[LOG] Replace
[LOG] Copy file from: C:\Users\Joris\Dropbox\Stencyl\youpla boom\Lolilol Knight.stencyl to: C:\Users\Joris\AppData\Local\Temp\stencyl8876645160415768486Lolilol Knight.zip
[LOG] Took 2208ms
[ERR] Could not delete file: C:\Users\Joris\.stencylworks
[LOG] Loading attribute into tree: Players
[LOG] Loading attribute into tree: Tiles
[LOG] Loading attribute into tree: Doodads
[LOG] Loading attribute into tree: Actors
[LOG] Loading attribute into tree: Regions
[LOG] Device OS: 4.3
[LOG] Simulator OS: 4.3
[LOG] Activated: Dashboard
[ERR] Could not delete file: C:\Users\Joris\AppData\Local\Temp\stencyl8876645160415768486\sandbox\build\code
[LOG] Took 1049ms
[LOG] Could not parse: C:\Users\Joris\AppData\Roaming\Stencyl\stencylworks\games\Lolilol Knight\resources\data.xml.bak
[LOG] Action: Save Game As...
[LOG] Attempting to quit out of Stencyl.
[LOG] Action: Close Game
[LOG] Resetting workspace.
[LOG] Missing: sactor.ispaused
[LOG] Activated: Welcome Center
[LOG] Action: Preferences...
[LOG] Choose Folder...
java.lang.NullPointerException
	at stencyl.sw.prefs.ProxyPage.save(ProxyPage.java:147)
	at stencyl.sw.prefs.PreferencesDialog.saveSettings(PreferencesDialog.java:371)
	at stencyl.sw.prefs.PreferencesDialog.access$500(PreferencesDialog.java:43)
	at stencyl.sw.prefs.PreferencesDialog$6.actionPerformed(PreferencesDialog.java:305)
	at javax.swing.AbstractButton.fireActionPerformed(Unknown Source)
	at javax.swing.AbstractButton$Handler.actionPerformed(Unknown Source)
	at javax.swing.DefaultButtonModel.fireActionPerformed(Unknown Source)
	at javax.swing.DefaultButtonModel.setPressed(Unknown Source)
	at javax.swing.plaf.basic.BasicButtonListener.mouseReleased(Unknown Source)
	at java.awt.Component.processMouseEvent(Unknown Source)
	at javax.swing.JComponent.processMouseEvent(Unknown Source)
	at java.awt.Component.processEvent(Unknown Source)
	at java.awt.Container.processEvent(Unknown Source)
	at java.awt.Component.dispatchEventImpl(Unknown Source)
	at java.awt.Container.dispatchEventImpl(Unknown Source)
	at java.awt.Component.dispatchEvent(Unknown Source)
	at java.awt.LightweightDispatcher.retargetMouseEvent(Unknown Source)
	at java.awt.LightweightDispatcher.processMouseEvent(Unknown Source)
	at java.awt.LightweightDispatcher.dispatchEvent(Unknown Source)
	at java.awt.Container.dispatchEventImpl(Unknown Source)
	at java.awt.Window.dispatchEventImpl(Unknown Source)
	at java.awt.Component.dispatchEvent(Unknown Source)
	at java.awt.EventQueue.dispatchEventImpl(Unknown Source)
	at java.awt.EventQueue.access$000(Unknown Source)
	at java.awt.EventQueue$1.run(Unknown Source)
	at java.awt.EventQueue$1.run(Unknown Source)
	at java.security.AccessController.doPrivileged(Native Method)
	at java.security.AccessControlContext$1.doIntersectionPrivilege(Unknown Source)
	at java.security.AccessControlContext$1.doIntersectionPrivilege(Unknown Source)
	at java.awt.EventQueue$2.run(Unknown Source)
	at java.awt.EventQueue$2.run(Unknown Source)
	at java.security.AccessController.doPrivileged(Native Method)
	at java.security.AccessControlContext$1.doIntersectionPrivilege(Unknown Source)
	at java.awt.EventQueue.dispatchEvent(Unknown Source)
	at java.awt.EventDispatchThread.pumpOneEventForFilters(Unknown Source)
	at java.awt.EventDispatchThread.pumpEventsForFilter(Unknown Source)
	at java.awt.EventDispatchThread.pumpEventsForFilter(Unknown Source)
	at java.awt.Dialog$1.run(Unknown Source)
	at java.awt.Dialog$3.run(Unknown Source)
	at java.security.AccessController.doPrivileged(Native Method)
	at java.awt.Dialog.show(Unknown Source)
	at java.awt.Component.show(Unknown Source)
	at java.awt.Component.setVisible(Unknown Source)
	at java.awt.Window.setVisible(Unknown Source)
	at java.awt.Dialog.setVisible(Unknown Source)
	at stencyl.sw.prefs.PreferencesDialog.display(PreferencesDialog.java:356)
	at stencyl.sw.app.App$28.doTask(App.java:2545)
	at stencyl.sw.app.App.showPrefs(App.java:2541)
	at stencyl.sw.app.App.actionPerformed(App.java:502)
	at stencyl.sw.actions.ActionManager.actionPerformed(ActionManager.java:64)
	at stencyl.sw.actions.SAction.actionPerformed(SAction.java:119)
	at javax.swing.AbstractButton.fireActionPerformed(Unknown Source)
	at javax.swing.AbstractButton$Handler.actionPerformed(Unknown Source)
	at javax.swing.DefaultButtonModel.fireActionPerformed(Unknown Source)
	at javax.swing.DefaultButtonModel.setPressed(Unknown Source)
	at javax.swing.AbstractButton.doClick(Unknown Source)
	at com.jidesoft.plaf.vsnet.VsnetMenuItemUI.doClick(Unknown Source)
	at com.jidesoft.plaf.vsnet.VsnetMenuItemUI$MouseInputHandler.mouseReleased(Unknown Source)
	at java.awt.AWTEventMulticaster.mouseReleased(Unknown Source)
	at java.awt.Component.processMouseEvent(Unknown Source)
	at javax.swing.JComponent.processMouseEvent(Unknown Source)
	at java.awt.Component.processEvent(Unknown Source)
	at java.awt.Container.processEvent(Unknown Source)
	at java.awt.Component.dispatchEventImpl(Unknown Source)
	at java.awt.Container.dispatchEventImpl(Unknown Source)
	at java.awt.Component.dispatchEvent(Unknown Source)
	at java.awt.LightweightDispatcher.retargetMouseEvent(Unknown Source)
	at java.awt.LightweightDispatcher.processMouseEvent(Unknown Source)
	at java.awt.LightweightDispatcher.dispatchEvent(Unknown Source)
	at java.awt.Container.dispatchEventImpl(Unknown Source)
	at java.awt.Window.dispatchEventImpl(Unknown Source)
	at java.awt.Component.dispatchEvent(Unknown Source)
	at java.awt.EventQueue.dispatchEventImpl(Unknown Source)
	at java.awt.EventQueue.access$000(Unknown Source)
	at java.awt.EventQueue$1.run(Unknown Source)
	at java.awt.EventQueue$1.run(Unknown Source)
	at java.security.AccessController.doPrivileged(Native Method)
	at java.security.AccessControlContext$1.doIntersectionPrivilege(Unknown Source)
	at java.security.AccessControlContext$1.doIntersectionPrivilege(Unknown Source)
	at java.awt.EventQueue$2.run(Unknown Source)
	at java.awt.EventQueue$2.run(Unknown Source)
	at java.security.AccessController.doPrivileged(Native Method)
	at java.security.AccessControlContext$1.doIntersectionPrivilege(Unknown Source)
	at java.awt.EventQueue.dispatchEvent(Unknown Source)
	at java.awt.EventDispatchThread.pumpOneEventForFilters(Unknown Source)
	at java.awt.EventDispatchThread.pumpEventsForFilter(Unknown Source)
	at java.awt.EventDispatchThread.pumpEventsForHierarchy(Unknown Source)
	at java.awt.EventDispatchThread.pumpEvents(Unknown Source)
	at java.awt.EventDispatchThread.pumpEvents(Unknown Source)
	at java.awt.EventDispatchThread.run(Unknown Source)
[LOG] The Stencyl workspace is being set to: C:\Users\Joris/AppData/Roaming/Stencyl/
[LOG] Could not save mobile settings. Skipping.
[LOG] Copy directory from: C:\Users\Joris\AppData\Roaming\Stencyl\stencylworks\prefs to: C:\Users\Joris\Desktop\Git\lolilol\stencylworks\prefs
[LOG] Copy Duration: 75
[LOG] Copy directory from: C:\Users\Joris\AppData\Roaming\Stencyl\stencylworks\games to: C:\Users\Joris\Desktop\Git\lolilol\stencylworks\games
[LOG] Copy directory from: C:\Users\Joris\AppData\Roaming\Stencyl\stencylworks\games\Alien Approach to: C:\Users\Joris\Desktop\Git\lolilol\stencylworks\games\Alien Approach
[LOG] Copy directory from: C:\Users\Joris\AppData\Roaming\Stencyl\stencylworks\games\Alien Approach\libraries to: C:\Users\Joris\Desktop\Git\lolilol\stencylworks\games\Alien Approach\libraries
[LOG] Copy directory from: C:\Users\Joris\AppData\Roaming\Stencyl\stencylworks\games\Alien Approach\libraries\flash to: C:\Users\Joris\Desktop\Git\lolilol\stencylworks\games\Alien Approach\libraries\flash
[LOG] Copy Duration: 1
[LOG] Copy directory from: C:\Users\Joris\AppData\Roaming\Stencyl\stencylworks\games\Alien Approach\libraries\ios to: C:\Users\Joris\Desktop\Git\lolilol\stencylworks\games\Alien Approach\libraries\ios
[LOG] Copy Duration: 1
[LOG] Copy Duration: 3
[LOG] Copy directory from: C:\Users\Joris\AppData\Roaming\Stencyl\stencylworks\games\Alien Approach\linked to: C:\Users\Joris\Desktop\Git\lolilol\stencylworks\games\Alien Approach\linked
[LOG] Copy Duration: 4
[LOG] Copy directory from: C:\Users\Joris\AppData\Roaming\Stencyl\stencylworks\games\Alien Approach\resources to: C:\Users\Joris\Desktop\Git\lolilol\stencylworks\games\Alien Approach\resources
[LOG] Copy Duration: 31
[LOG] Copy directory from: C:\Users\Joris\AppData\Roaming\Stencyl\stencylworks\games\Alien Approach\scenes to: C:\Users\Joris\Desktop\Git\lolilol\stencylworks\games\Alien Approach\scenes
[LOG] Copy Duration: 58
[LOG] Copy directory from: C:\Users\Joris\AppData\Roaming\Stencyl\stencylworks\games\Alien Approach\snippets to: C:\Users\Joris\Desktop\Git\lolilol\stencylworks\games\Alien Approach\snippets
[LOG] Copy Duration: 96
[LOG] Copy Duration: 273
[LOG] Copy directory from: C:\Users\Joris\AppData\Roaming\Stencyl\stencylworks\games\Balloons to: C:\Users\Joris\Desktop\Git\lolilol\stencylworks\games\Balloons
[LOG] Copy directory from: C:\Users\Joris\AppData\Roaming\Stencyl\stencylworks\games\Balloons\linked to: C:\Users\Joris\Desktop\Git\lolilol\stencylworks\games\Balloons\linked
[LOG] Copy Duration: 5
[LOG] Copy directory from: C:\Users\Joris\AppData\Roaming\Stencyl\stencylworks\games\Balloons\resources to: C:\Users\Joris\Desktop\Git\lolilol\stencylworks\games\Balloons\resources
[LOG] Copy Duration: 174
[LOG] Copy directory from: C:\Users\Joris\AppData\Roaming\Stencyl\stencylworks\games\Balloons\scenes to: C:\Users\Joris\Desktop\Git\lolilol\stencylworks\games\Balloons\scenes
[LOG] Copy Duration: 43
[LOG] Copy directory from: C:\Users\Joris\AppData\Roaming\Stencyl\stencylworks\games\Balloons\snippets to: C:\Users\Joris\Desktop\Git\lolilol\stencylworks\games\Balloons\snippets
[LOG] Copy Duration: 255
[LOG] Copy Duration: 586
[LOG] Copy directory from: C:\Users\Joris\AppData\Roaming\Stencyl\stencylworks\games\Book to: C:\Users\Joris\Desktop\Git\lolilol\stencylworks\games\Book
[LOG] Copy directory from: C:\Users\Joris\AppData\Roaming\Stencyl\stencylworks\games\Book\atlases to: C:\Users\Joris\Desktop\Git\lolilol\stencylworks\games\Book\atlases
[LOG] Copy Duration: 114
[LOG] Copy directory from: C:\Users\Joris\AppData\Roaming\Stencyl\stencylworks\games\Book\behavior-ios to: C:\Users\Joris\Desktop\Git\lolilol\stencylworks\games\Book\behavior-ios
[LOG] Copy Duration: 5
[LOG] Copy directory from: C:\Users\Joris\AppData\Roaming\Stencyl\stencylworks\games\Book\linked to: C:\Users\Joris\Desktop\Git\lolilol\stencylworks\games\Book\linked
[LOG] Copy Duration: 4
[LOG] Copy directory from: C:\Users\Joris\AppData\Roaming\Stencyl\stencylworks\games\Book\resources to: C:\Users\Joris\Desktop\Git\lolilol\stencylworks\games\Book\resources
[LOG] Copy Duration: 19
[LOG] Copy directory from: C:\Users\Joris\AppData\Roaming\Stencyl\stencylworks\games\Book\scenes to: C:\Users\Joris\Desktop\Git\lolilol\stencylworks\games\Book\scenes
[LOG] Copy Duration: 17
[LOG] Copy directory from: C:\Users\Joris\AppData\Roaming\Stencyl\stencylworks\games\Book\snippets to: C:\Users\Joris\Desktop\Git\lolilol\stencylworks\games\Book\snippets
[LOG] Copy Duration: 17
[LOG] Copy Duration: 304
[LOG] Copy directory from: C:\Users\Joris\AppData\Roaming\Stencyl\stencylworks\games\Brick Block to: C:\Users\Joris\Desktop\Git\lolilol\stencylworks\games\Brick Block
[LOG] Copy directory from: C:\Users\Joris\AppData\Roaming\Stencyl\stencylworks\games\Brick Block\linked to: C:\Users\Joris\Desktop\Git\lolilol\stencylworks\games\Brick Block\linked
[LOG] Copy Duration: 4
[LOG] Copy directory from: C:\Users\Joris\AppData\Roaming\Stencyl\stencylworks\games\Brick Block\resources to: C:\Users\Joris\Desktop\Git\lolilol\stencylworks\games\Brick Block\resources
[LOG] Copy Duration: 162
[LOG] Copy directory from: C:\Users\Joris\AppData\Roaming\Stencyl\stencylworks\games\Brick Block\scenes to: C:\Users\Joris\Desktop\Git\lolilol\stencylworks\games\Brick Block\scenes
[LOG] Copy Duration: 16
[LOG] Copy directory from: C:\Users\Joris\AppData\Roaming\Stencyl\stencylworks\games\Brick Block\snippets to: C:\Users\Joris\Desktop\Git\lolilol\stencylworks\games\Brick Block\snippets
[LOG] Copy Duration: 32
[LOG] Copy Duration: 246
[LOG] Copy directory from: C:\Users\Joris\AppData\Roaming\Stencyl\stencylworks\games\Catapult to: C:\Users\Joris\Desktop\Git\lolilol\stencylworks\games\Catapult
[LOG] Copy directory from: C:\Users\Joris\AppData\Roaming\Stencyl\stencylworks\games\Catapult\atlases to: C:\Users\Joris\Desktop\Git\lolilol\stencylworks\games\Catapult\atlases
[LOG] Copy Duration: 0
[LOG] Copy directory from: C:\Users\Joris\AppData\Roaming\Stencyl\stencylworks\games\Catapult\behavior-ios to: C:\Users\Joris\Desktop\Git\lolilol\stencylworks\games\Catapult\behavior-ios
[LOG] Copy Duration: 19
[LOG] Copy directory from: C:\Users\Joris\AppData\Roaming\Stencyl\stencylworks\games\Catapult\ios to: C:\Users\Joris\Desktop\Git\lolilol\stencylworks\games\Catapult\ios
[LOG] Copy Duration: 15
[LOG] Copy directory from: C:\Users\Joris\AppData\Roaming\Stencyl\stencylworks\games\Catapult\libraries to: C:\Users\Joris\Desktop\Git\lolilol\stencylworks\games\Catapult\libraries
[LOG] Copy directory from: C:\Users\Joris\AppData\Roaming\Stencyl\stencylworks\games\Catapult\libraries\flash to: C:\Users\Joris\Desktop\Git\lolilol\stencylworks\games\Catapult\libraries\flash
[LOG] Copy Duration: 1
[LOG] Copy directory from: C:\Users\Joris\AppData\Roaming\Stencyl\stencylworks\games\Catapult\libraries\ios to: C:\Users\Joris\Desktop\Git\lolilol\stencylworks\games\Catapult\libraries\ios
[LOG] Copy Duration: 0
[LOG] Copy Duration: 3
[LOG] Copy directory from: C:\Users\Joris\AppData\Roaming\Stencyl\stencylworks\games\Catapult\linked to: C:\Users\Joris\Desktop\Git\lolilol\stencylworks\games\Catapult\linked
[LOG] Copy Duration: 3
[LOG] Copy directory from: C:\Users\Joris\AppData\Roaming\Stencyl\stencylworks\games\Catapult\resources to: C:\Users\Joris\Desktop\Git\lolilol\stencylworks\games\Catapult\resources
[LOG] Copy Duration: 106
[LOG] Copy directory from: C:\Users\Joris\AppData\Roaming\Stencyl\stencylworks\games\Catapult\scenes to: C:\Users\Joris\Desktop\Git\lolilol\stencylworks\games\Catapult\scenes
[LOG] Copy Duration: 13
[LOG] Copy directory from: C:\Users\Joris\AppData\Roaming\Stencyl\stencylworks\games\Catapult\snippets to: C:\Users\Joris\Desktop\Git\lolilol\stencylworks\games\Catapult\snippets
[LOG] Copy Duration: 128
[LOG] Copy Duration: 355
[LOG] Copy directory from: C:\Users\Joris\AppData\Roaming\Stencyl\stencylworks\games\Crash Course Kit to: C:\Users\Joris\Desktop\Git\lolilol\stencylworks\games\Crash Course Kit
[LOG] Copy directory from: C:\Users\Joris\AppData\Roaming\Stencyl\stencylworks\games\Crash Course Kit\linked to: C:\Users\Joris\Desktop\Git\lolilol\stencylworks\games\Crash Course Kit\linked
[LOG] Copy Duration: 4
[LOG] Copy directory from: C:\Users\Joris\AppData\Roaming\Stencyl\stencylworks\games\Crash Course Kit\resources to: C:\Users\Joris\Desktop\Git\lolilol\stencylworks\games\Crash Course Kit\resources
[LOG] Copy Duration: 217
[LOG] Copy directory from: C:\Users\Joris\AppData\Roaming\Stencyl\stencylworks\games\Crash Course Kit\scenes to: C:\Users\Joris\Desktop\Git\lolilol\stencylworks\games\Crash Course Kit\scenes
[LOG] Copy Duration: 4
[LOG] Copy directory from: C:\Users\Joris\AppData\Roaming\Stencyl\stencylworks\games\Crash Course Kit\snippets to: C:\Users\Joris\Desktop\Git\lolilol\stencylworks\games\Crash Course Kit\snippets
[LOG] Copy Duration: 21
[LOG] Copy Duration: 332
[LOG] Copy directory from: C:\Users\Joris\AppData\Roaming\Stencyl\stencylworks\games\Drop Block to: C:\Users\Joris\Desktop\Git\lolilol\stencylworks\games\Drop Block
[LOG] Copy directory from: C:\Users\Joris\AppData\Roaming\Stencyl\stencylworks\games\Drop Block\linked to: C:\Users\Joris\Desktop\Git\lolilol\stencylworks\games\Drop Block\linked
[LOG] Copy Duration: 4
[LOG] Copy directory from: C:\Users\Joris\AppData\Roaming\Stencyl\stencylworks\games\Drop Block\resources to: C:\Users\Joris\Desktop\Git\lolilol\stencylworks\games\Drop Block\resources
[LOG] Copy Duration: 24
[LOG] Copy directory from: C:\Users\Joris\AppData\Roaming\Stencyl\stencylworks\games\Drop Block\scenes to: C:\Users\Joris\Desktop\Git\lolilol\stencylworks\games\Drop Block\scenes
[LOG] Copy Duration: 17
[LOG] Copy directory from: C:\Users\Joris\AppData\Roaming\Stencyl\stencylworks\games\Drop Block\snippets to: C:\Users\Joris\Desktop\Git\lolilol\stencylworks\games\Drop Block\snippets
[LOG] Copy Duration: 90
[LOG] Copy Duration: 170
[LOG] Copy directory from: C:\Users\Joris\AppData\Roaming\Stencyl\stencylworks\games\Drop Block Game to: C:\Users\Joris\Desktop\Git\lolilol\stencylworks\games\Drop Block Game
[LOG] Copy directory from: C:\Users\Joris\AppData\Roaming\Stencyl\stencylworks\games\Drop Block Game\atlases to: C:\Users\Joris\Desktop\Git\lolilol\stencylworks\games\Drop Block Game\atlases
[LOG] Copy Duration: 29
[LOG] Copy directory from: C:\Users\Joris\AppData\Roaming\Stencyl\stencylworks\games\Drop Block Game\behavior-ios to: C:\Users\Joris\Desktop\Git\lolilol\stencylworks\games\Drop Block Game\behavior-ios
[LOG] Copy Duration: 33
[LOG] Copy directory from: C:\Users\Joris\AppData\Roaming\Stencyl\stencylworks\games\Drop Block Game\libraries to: C:\Users\Joris\Desktop\Git\lolilol\stencylworks\games\Drop Block Game\libraries
[LOG] Copy directory from: C:\Users\Joris\AppData\Roaming\Stencyl\stencylworks\games\Drop Block Game\libraries\flash to: C:\Users\Joris\Desktop\Git\lolilol\stencylworks\games\Drop Block Game\libraries\flash
[LOG] Copy Duration: 0
[LOG] Copy directory from: C:\Users\Joris\AppData\Roaming\Stencyl\stencylworks\games\Drop Block Game\libraries\ios to: C:\Users\Joris\Desktop\Git\lolilol\stencylworks\games\Drop Block Game\libraries\ios
[LOG] Copy Duration: 0
[LOG] Copy Duration: 2
[LOG] Copy directory from: C:\Users\Joris\AppData\Roaming\Stencyl\stencylworks\games\Drop Block Game\linked to: C:\Users\Joris\Desktop\Git\lolilol\stencylworks\games\Drop Block Game\linked
[LOG] Copy Duration: 3
[LOG] Copy directory from: C:\Users\Joris\AppData\Roaming\Stencyl\stencylworks\games\Drop Block Game\resources to: C:\Users\Joris\Desktop\Git\lolilol\stencylworks\games\Drop Block Game\resources
[LOG] Copy Duration: 89
[LOG] Copy directory from: C:\Users\Joris\AppData\Roaming\Stencyl\stencylworks\games\Drop Block Game\scenes to: C:\Users\Joris\Desktop\Git\lolilol\stencylworks\games\Drop Block Game\scenes
[LOG] Copy Duration: 34
[LOG] Copy directory from: C:\Users\Joris\AppData\Roaming\Stencyl\stencylworks\games\Drop Block Game\snippets to: C:\Users\Joris\Desktop\Git\lolilol\stencylworks\games\Drop Block Game\snippets
[LOG] Copy Duration: 81
[LOG] Copy Duration: 397
[LOG] Copy directory from: C:\Users\Joris\AppData\Roaming\Stencyl\stencylworks\games\Joystick to: C:\Users\Joris\Desktop\Git\lolilol\stencylworks\games\Joystick
[LOG] Copy directory from: C:\Users\Joris\AppData\Roaming\Stencyl\stencylworks\games\Joystick\atlases to: C:\Users\Joris\Desktop\Git\lolilol\stencylworks\games\Joystick\atlases
[LOG] Copy Duration: 53
[LOG] Copy directory from: C:\Users\Joris\AppData\Roaming\Stencyl\stencylworks\games\Joystick\behavior-ios to: C:\Users\Joris\Desktop\Git\lolilol\stencylworks\games\Joystick\behavior-ios
[LOG] Copy Duration: 31
[LOG] Copy directory from: C:\Users\Joris\AppData\Roaming\Stencyl\stencylworks\games\Joystick\libraries to: C:\Users\Joris\Desktop\Git\lolilol\stencylworks\games\Joystick\libraries
[LOG] Copy directory from: C:\Users\Joris\AppData\Roaming\Stencyl\stencylworks\games\Joystick\libraries\flash to: C:\Users\Joris\Desktop\Git\lolilol\stencylworks\games\Joystick\libraries\flash
[LOG] Copy Duration: 1
[LOG] Copy directory from: C:\Users\Joris\AppData\Roaming\Stencyl\stencylworks\games\Joystick\libraries\ios to: C:\Users\Joris\Desktop\Git\lolilol\stencylworks\games\Joystick\libraries\ios
[LOG] Copy Duration: 1
[LOG] Copy Duration: 3
[LOG] Copy directory from: C:\Users\Joris\AppData\Roaming\Stencyl\stencylworks\games\Joystick\linked to: C:\Users\Joris\Desktop\Git\lolilol\stencylworks\games\Joystick\linked
[LOG] Copy Duration: 4
[LOG] Copy directory from: C:\Users\Joris\AppData\Roaming\Stencyl\stencylworks\games\Joystick\resources to: C:\Users\Joris\Desktop\Git\lolilol\stencylworks\games\Joystick\resources
[LOG] Copy Duration: 394
[LOG] Copy directory from: C:\Users\Joris\AppData\Roaming\Stencyl\stencylworks\games\Joystick\scenes to: C:\Users\Joris\Desktop\Git\lolilol\stencylworks\games\Joystick\scenes
[LOG] Copy Duration: 13
[LOG] Copy directory from: C:\Users\Joris\AppData\Roaming\Stencyl\stencylworks\games\Joystick\snippets to: C:\Users\Joris\Desktop\Git\lolilol\stencylworks\games\Joystick\snippets
[LOG] Copy Duration: 107
[LOG] Copy Duration: 693
[LOG] Copy directory from: C:\Users\Joris\AppData\Roaming\Stencyl\stencylworks\games\Jump and Run to: C:\Users\Joris\Desktop\Git\lolilol\stencylworks\games\Jump and Run
[LOG] Copy directory from: C:\Users\Joris\AppData\Roaming\Stencyl\stencylworks\games\Jump and Run\linked to: C:\Users\Joris\Desktop\Git\lolilol\stencylworks\games\Jump and Run\linked
[LOG] Copy Duration: 4
[LOG] Copy directory from: C:\Users\Joris\AppData\Roaming\Stencyl\stencylworks\games\Jump and Run\resources to: C:\Users\Joris\Desktop\Git\lolilol\stencylworks\games\Jump and Run\resources
[LOG] Copy Duration: 584
[LOG] Copy directory from: C:\Users\Joris\AppData\Roaming\Stencyl\stencylworks\games\Jump and Run\scenes to: C:\Users\Joris\Desktop\Git\lolilol\stencylworks\games\Jump and Run\scenes
[LOG] Copy Duration: 20
[LOG] Copy directory from: C:\Users\Joris\AppData\Roaming\Stencyl\stencylworks\games\Jump and Run\snippets to: C:\Users\Joris\Desktop\Git\lolilol\stencylworks\games\Jump and Run\snippets
[LOG] Copy Duration: 188
[LOG] Copy Duration: 868
[LOG] Copy directory from: C:\Users\Joris\AppData\Roaming\Stencyl\stencylworks\games\Labyrinth to: C:\Users\Joris\Desktop\Git\lolilol\stencylworks\games\Labyrinth
[LOG] Copy directory from: C:\Users\Joris\AppData\Roaming\Stencyl\stencylworks\games\Labyrinth\atlases to: C:\Users\Joris\Desktop\Git\lolilol\stencylworks\games\Labyrinth\atlases
[LOG] Copy Duration: 49
[LOG] Copy directory from: C:\Users\Joris\AppData\Roaming\Stencyl\stencylworks\games\Labyrinth\behavior-ios to: C:\Users\Joris\Desktop\Git\lolilol\stencylworks\games\Labyrinth\behavior-ios
[LOG] Copy Duration: 3
[LOG] Copy directory from: C:\Users\Joris\AppData\Roaming\Stencyl\stencylworks\games\Labyrinth\linked to: C:\Users\Joris\Desktop\Git\lolilol\stencylworks\games\Labyrinth\linked
[LOG] Copy Duration: 5
[LOG] Copy directory from: C:\Users\Joris\AppData\Roaming\Stencyl\stencylworks\games\Labyrinth\resources to: C:\Users\Joris\Desktop\Git\lolilol\stencylworks\games\Labyrinth\resources
[LOG] Copy Duration: 385
[LOG] Copy directory from: C:\Users\Joris\AppData\Roaming\Stencyl\stencylworks\games\Labyrinth\scenes to: C:\Users\Joris\Desktop\Git\lolilol\stencylworks\games\Labyrinth\scenes
[LOG] Copy Duration: 16
[LOG] Copy directory from: C:\Users\Joris\AppData\Roaming\Stencyl\stencylworks\games\Labyrinth\snippets to: C:\Users\Joris\Desktop\Git\lolilol\stencylworks\games\Labyrinth\snippets
[LOG] Copy Duration: 16
[LOG] Copy Duration: 803
[LOG] Copy directory from: C:\Users\Joris\AppData\Roaming\Stencyl\stencylworks\games\Lolilol Knight to: C:\Users\Joris\Desktop\Git\lolilol\stencylworks\games\Lolilol Knight
[LOG] Copy directory from: C:\Users\Joris\AppData\Roaming\Stencyl\stencylworks\games\Lolilol Knight\linked to: C:\Users\Joris\Desktop\Git\lolilol\stencylworks\games\Lolilol Knight\linked
[LOG] Copy Duration: 3
[LOG] Copy directory from: C:\Users\Joris\AppData\Roaming\Stencyl\stencylworks\games\Lolilol Knight\resources to: C:\Users\Joris\Desktop\Git\lolilol\stencylworks\games\Lolilol Knight\resources
[LOG] Copy Duration: 2
[LOG] Copy directory from: C:\Users\Joris\AppData\Roaming\Stencyl\stencylworks\games\Lolilol Knight\scenes to: C:\Users\Joris\Desktop\Git\lolilol\stencylworks\games\Lolilol Knight\scenes
[LOG] Copy Duration: 1
[LOG] Copy directory from: C:\Users\Joris\AppData\Roaming\Stencyl\stencylworks\games\Lolilol Knight\snippets to: C:\Users\Joris\Desktop\Git\lolilol\stencylworks\games\Lolilol Knight\snippets
[LOG] Copy Duration: 1
[LOG] Copy Duration: 39
[LOG] Copy directory from: C:\Users\Joris\AppData\Roaming\Stencyl\stencylworks\games\Platformer to: C:\Users\Joris\Desktop\Git\lolilol\stencylworks\games\Platformer
[LOG] Copy directory from: C:\Users\Joris\AppData\Roaming\Stencyl\stencylworks\games\Platformer\atlases to: C:\Users\Joris\Desktop\Git\lolilol\stencylworks\games\Platformer\atlases
[LOG] Copy Duration: 25
[LOG] Copy directory from: C:\Users\Joris\AppData\Roaming\Stencyl\stencylworks\games\Platformer\behavior-ios to: C:\Users\Joris\Desktop\Git\lolilol\stencylworks\games\Platformer\behavior-ios
[LOG] Copy Duration: 36
[LOG] Copy directory from: C:\Users\Joris\AppData\Roaming\Stencyl\stencylworks\games\Platformer\ios to: C:\Users\Joris\Desktop\Git\lolilol\stencylworks\games\Platformer\ios
[LOG] Copy Duration: 17
[LOG] Copy directory from: C:\Users\Joris\AppData\Roaming\Stencyl\stencylworks\games\Platformer\libraries to: C:\Users\Joris\Desktop\Git\lolilol\stencylworks\games\Platformer\libraries
[LOG] Copy directory from: C:\Users\Joris\AppData\Roaming\Stencyl\stencylworks\games\Platformer\libraries\flash to: C:\Users\Joris\Desktop\Git\lolilol\stencylworks\games\Platformer\libraries\flash
[LOG] Copy Duration: 1
[LOG] Copy directory from: C:\Users\Joris\AppData\Roaming\Stencyl\stencylworks\games\Platformer\libraries\ios to: C:\Users\Joris\Desktop\Git\lolilol\stencylworks\games\Platformer\libraries\ios
[LOG] Copy Duration: 1
[LOG] Copy Duration: 2
[LOG] Copy directory from: C:\Users\Joris\AppData\Roaming\Stencyl\stencylworks\games\Platformer\linked to: C:\Users\Joris\Desktop\Git\lolilol\stencylworks\games\Platformer\linked
[LOG] Copy Duration: 4
[LOG] Copy directory from: C:\Users\Joris\AppData\Roaming\Stencyl\stencylworks\games\Platformer\resources to: C:\Users\Joris\Desktop\Git\lolilol\stencylworks\games\Platformer\resources
[LOG] Copy Duration: 135
[LOG] Copy directory from: C:\Users\Joris\AppData\Roaming\Stencyl\stencylworks\games\Platformer\scenes to: C:\Users\Joris\Desktop\Git\lolilol\stencylworks\games\Platformer\scenes
[LOG] Copy Duration: 11
[LOG] Copy directory from: C:\Users\Joris\AppData\Roaming\Stencyl\stencylworks\games\Platformer\snippets to: C:\Users\Joris\Desktop\Git\lolilol\stencylworks\games\Platformer\snippets
[LOG] Copy Duration: 298
[LOG] Copy Duration: 666
[LOG] Copy directory from: C:\Users\Joris\AppData\Roaming\Stencyl\stencylworks\games\RPG Town and Dialog to: C:\Users\Joris\Desktop\Git\lolilol\stencylworks\games\RPG Town and Dialog
[LOG] Copy directory from: C:\Users\Joris\AppData\Roaming\Stencyl\stencylworks\games\RPG Town and Dialog\libraries to: C:\Users\Joris\Desktop\Git\lolilol\stencylworks\games\RPG Town and Dialog\libraries
[LOG] Copy directory from: C:\Users\Joris\AppData\Roaming\Stencyl\stencylworks\games\RPG Town and Dialog\libraries\flash to: C:\Users\Joris\Desktop\Git\lolilol\stencylworks\games\RPG Town and Dialog\libraries\flash
[LOG] Copy Duration: 0
[LOG] Copy directory from: C:\Users\Joris\AppData\Roaming\Stencyl\stencylworks\games\RPG Town and Dialog\libraries\ios to: C:\Users\Joris\Desktop\Git\lolilol\stencylworks\games\RPG Town and Dialog\libraries\ios
[LOG] Copy Duration: 0
[LOG] Copy Duration: 2
[LOG] Copy directory from: C:\Users\Joris\AppData\Roaming\Stencyl\stencylworks\games\RPG Town and Dialog\linked to: C:\Users\Joris\Desktop\Git\lolilol\stencylworks\games\RPG Town and Dialog\linked
[LOG] Copy Duration: 4
[LOG] Copy directory from: C:\Users\Joris\AppData\Roaming\Stencyl\stencylworks\games\RPG Town and Dialog\resources to: C:\Users\Joris\Desktop\Git\lolilol\stencylworks\games\RPG Town and Dialog\resources
[LOG] Copy Duration: 123
[LOG] Copy directory from: C:\Users\Joris\AppData\Roaming\Stencyl\stencylworks\games\RPG Town and Dialog\scenes to: C:\Users\Joris\Desktop\Git\lolilol\stencylworks\games\RPG Town and Dialog\scenes
[LOG] Copy Duration: 19
[LOG] Copy directory from: C:\Users\Joris\AppData\Roaming\Stencyl\stencylworks\games\RPG Town and Dialog\snippets to: C:\Users\Joris\Desktop\Git\lolilol\stencylworks\games\RPG Town and Dialog\snippets
[LOG] Copy Duration: 77
[LOG] Copy Duration: 487
[LOG] Copy directory from: C:\Users\Joris\AppData\Roaming\Stencyl\stencylworks\games\Run and Gun Example Game to: C:\Users\Joris\Desktop\Git\lolilol\stencylworks\games\Run and Gun Example Game
[LOG] Copy directory from: C:\Users\Joris\AppData\Roaming\Stencyl\stencylworks\games\Run and Gun Example Game\linked to: C:\Users\Joris\Desktop\Git\lolilol\stencylworks\games\Run and Gun Example Game\linked
[LOG] Copy Duration: 3
[LOG] Copy directory from: C:\Users\Joris\AppData\Roaming\Stencyl\stencylworks\games\Run and Gun Example Game\resources to: C:\Users\Joris\Desktop\Git\lolilol\stencylworks\games\Run and Gun Example Game\resources
[LOG] Copy Duration: 153
[LOG] Copy directory from: C:\Users\Joris\AppData\Roaming\Stencyl\stencylworks\games\Run and Gun Example Game\scenes to: C:\Users\Joris\Desktop\Git\lolilol\stencylworks\games\Run and Gun Example Game\scenes
[LOG] Copy Duration: 11
[LOG] Copy directory from: C:\Users\Joris\AppData\Roaming\Stencyl\stencylworks\games\Run and Gun Example Game\snippets to: C:\Users\Joris\Desktop\Git\lolilol\stencylworks\games\Run and Gun Example Game\snippets
[LOG] Copy Duration: 82
[LOG] Copy Duration: 298
[LOG] Copy directory from: C:\Users\Joris\AppData\Roaming\Stencyl\stencylworks\games\Space Shooter to: C:\Users\Joris\Desktop\Git\lolilol\stencylworks\games\Space Shooter
[LOG] Copy directory from: C:\Users\Joris\AppData\Roaming\Stencyl\stencylworks\games\Space Shooter\linked to: C:\Users\Joris\Desktop\Git\lolilol\stencylworks\games\Space Shooter\linked
[LOG] Copy Duration: 6
[LOG] Copy directory from: C:\Users\Joris\AppData\Roaming\Stencyl\stencylworks\games\Space Shooter\resources to: C:\Users\Joris\Desktop\Git\lolilol\stencylworks\games\Space Shooter\resources
[LOG] Copy Duration: 73
[LOG] Copy directory from: C:\Users\Joris\AppData\Roaming\Stencyl\stencylworks\games\Space Shooter\scenes to: C:\Users\Joris\Desktop\Git\lolilol\stencylworks\games\Space Shooter\scenes
[LOG] Copy Duration: 12
[LOG] Copy directory from: C:\Users\Joris\AppData\Roaming\Stencyl\stencylworks\games\Space Shooter\snippets to: C:\Users\Joris\Desktop\Git\lolilol\stencylworks\games\Space Shooter\snippets
[LOG] Copy Duration: 224
[LOG] Copy Duration: 603
[LOG] Copy Duration: 7123
[LOG] Copy directory from: C:\Users\Joris\AppData\Roaming\Stencyl\stencylworks\logs to: C:\Users\Joris\Desktop\Git\lolilol\stencylworks\logs
[LOG] Copy Duration: 13
[LOG] Copy directory from: C:\Users\Joris\AppData\Roaming\Stencyl\stencylworks\extensions to: C:\Users\Joris\Desktop\Git\lolilol\stencylworks\extensions
[LOG] Copy Duration: 1
[LOG] Copy directory from: C:\Users\Joris\AppData\Roaming\Stencyl\stencylworks\behaviors to: C:\Users\Joris\Desktop\Git\lolilol\stencylworks\behaviors
[LOG] Copy directory from: C:\Users\Joris\AppData\Roaming\Stencyl\stencylworks\behaviors\Controls to: C:\Users\Joris\Desktop\Git\lolilol\stencylworks\behaviors\Controls
[LOG] Copy directory from: C:\Users\Joris\AppData\Roaming\Stencyl\stencylworks\behaviors\Controls\Actor to: C:\Users\Joris\Desktop\Git\lolilol\stencylworks\behaviors\Controls\Actor
[LOG] Copy Duration: 231
[LOG] Copy directory from: C:\Users\Joris\AppData\Roaming\Stencyl\stencylworks\behaviors\Controls\Scene to: C:\Users\Joris\Desktop\Git\lolilol\stencylworks\behaviors\Controls\Scene
[LOG] Copy Duration: 0
[LOG] Copy Duration: 237
[LOG] Copy directory from: C:\Users\Joris\AppData\Roaming\Stencyl\stencylworks\behaviors\Eye Candy to: C:\Users\Joris\Desktop\Git\lolilol\stencylworks\behaviors\Eye Candy
[LOG] Copy directory from: C:\Users\Joris\AppData\Roaming\Stencyl\stencylworks\behaviors\Eye Candy\Actor to: C:\Users\Joris\Desktop\Git\lolilol\stencylworks\behaviors\Eye Candy\Actor
[LOG] Copy Duration: 93
[LOG] Copy directory from: C:\Users\Joris\AppData\Roaming\Stencyl\stencylworks\behaviors\Eye Candy\Scene to: C:\Users\Joris\Desktop\Git\lolilol\stencylworks\behaviors\Eye Candy\Scene
[LOG] Copy Duration: 27
[LOG] Copy Duration: 124
[LOG] Copy directory from: C:\Users\Joris\AppData\Roaming\Stencyl\stencylworks\behaviors\Game to: C:\Users\Joris\Desktop\Git\lolilol\stencylworks\behaviors\Game
[LOG] Copy directory from: C:\Users\Joris\AppData\Roaming\Stencyl\stencylworks\behaviors\Game\Actor to: C:\Users\Joris\Desktop\Git\lolilol\stencylworks\behaviors\Game\Actor
[LOG] Copy Duration: 401
[LOG] Copy directory from: C:\Users\Joris\AppData\Roaming\Stencyl\stencylworks\behaviors\Game\Scene to: C:\Users\Joris\Desktop\Git\lolilol\stencylworks\behaviors\Game\Scene
[LOG] Copy Duration: 32
[LOG] Copy Duration: 437
[LOG] Copy directory from: C:\Users\Joris\AppData\Roaming\Stencyl\stencylworks\behaviors\GUI to: C:\Users\Joris\Desktop\Git\lolilol\stencylworks\behaviors\GUI
[LOG] Copy directory from: C:\Users\Joris\AppData\Roaming\Stencyl\stencylworks\behaviors\GUI\Actor to: C:\Users\Joris\Desktop\Git\lolilol\stencylworks\behaviors\GUI\Actor
[LOG] Copy Duration: 10
[LOG] Copy directory from: C:\Users\Joris\AppData\Roaming\Stencyl\stencylworks\behaviors\GUI\Scene to: C:\Users\Joris\Desktop\Git\lolilol\stencylworks\behaviors\GUI\Scene
[LOG] Copy Duration: 1
[LOG] Copy Duration: 15
[LOG] Copy directory from: C:\Users\Joris\AppData\Roaming\Stencyl\stencylworks\behaviors\Mobile to: C:\Users\Joris\Desktop\Git\lolilol\stencylworks\behaviors\Mobile
[LOG] Copy directory from: C:\Users\Joris\AppData\Roaming\Stencyl\stencylworks\behaviors\Mobile\Actor to: C:\Users\Joris\Desktop\Git\lolilol\stencylworks\behaviors\Mobile\Actor
[LOG] Copy Duration: 5
[LOG] Copy directory from: C:\Users\Joris\AppData\Roaming\Stencyl\stencylworks\behaviors\Mobile\Scene to: C:\Users\Joris\Desktop\Git\lolilol\stencylworks\behaviors\Mobile\Scene
[LOG] Copy Duration: 0
[LOG] Copy Duration: 11
[LOG] Copy directory from: C:\Users\Joris\AppData\Roaming\Stencyl\stencylworks\behaviors\Motion to: C:\Users\Joris\Desktop\Git\lolilol\stencylworks\behaviors\Motion
[LOG] Copy directory from: C:\Users\Joris\AppData\Roaming\Stencyl\stencylworks\behaviors\Motion\Actor to: C:\Users\Joris\Desktop\Git\lolilol\stencylworks\behaviors\Motion\Actor
[LOG] Copy Duration: 125
[LOG] Copy directory from: C:\Users\Joris\AppData\Roaming\Stencyl\stencylworks\behaviors\Motion\Scene to: C:\Users\Joris\Desktop\Git\lolilol\stencylworks\behaviors\Motion\Scene
[LOG] Copy Duration: 1
[LOG] Copy Duration: 129
[LOG] Copy directory from: C:\Users\Joris\AppData\Roaming\Stencyl\stencylworks\behaviors\Rules to: C:\Users\Joris\Desktop\Git\lolilol\stencylworks\behaviors\Rules
[LOG] Copy directory from: C:\Users\Joris\AppData\Roaming\Stencyl\stencylworks\behaviors\Rules\Actor to: C:\Users\Joris\Desktop\Git\lolilol\stencylworks\behaviors\Rules\Actor
[LOG] Copy Duration: 63
[LOG] Copy directory from: C:\Users\Joris\AppData\Roaming\Stencyl\stencylworks\behaviors\Rules\Scene to: C:\Users\Joris\Desktop\Git\lolilol\stencylworks\behaviors\Rules\Scene
[LOG] Copy Duration: 19
[LOG] Copy Duration: 86
[LOG] Copy directory from: C:\Users\Joris\AppData\Roaming\Stencyl\stencylworks\behaviors\Utilities to: C:\Users\Joris\Desktop\Git\lolilol\stencylworks\behaviors\Utilities
[LOG] Copy directory from: C:\Users\Joris\AppData\Roaming\Stencyl\stencylworks\behaviors\Utilities\Actor to: C:\Users\Joris\Desktop\Git\lolilol\stencylworks\behaviors\Utilities\Actor
[LOG] Copy Duration: 47
[LOG] Copy directory from: C:\Users\Joris\AppData\Roaming\Stencyl\stencylworks\behaviors\Utilities\Scene to: C:\Users\Joris\Desktop\Git\lolilol\stencylworks\behaviors\Utilities\Scene
[LOG] Copy Duration: 29
[LOG] Copy Duration: 80
[LOG] Copy Duration: 1123
