


[LOG] Mirroring logs to the standard output...
[LOG] Current Working Directory: C:\Program Files (x86)\Stencyl
[LOG] Reading... global
[LOG] LANGUAGE WARNING: Empty Line.
[LOG] Finished reading lang/en/global.lang
[LOG] Reading... prefs
[LOG] Finished reading lang/en/prefs.lang
[LOG] Reading... gamedg
[LOG] Finished reading lang/en/gamedg.lang
[LOG] Reading... spritedg
[LOG] Finished reading lang/en/spritedg.lang
[LOG] Reading... tset
[LOG] Finished reading lang/en/tset.lang
[LOG] Reading... actor
[LOG] Finished reading lang/en/actor.lang
[LOG] Reading... scene
[LOG] Finished reading lang/en/scene.lang
[LOG] Reading... snippet
[LOG] Finished reading lang/en/snippet.lang
[LOG] Reading... blocks
[LOG] Finished reading lang/en/blocks.lang
[LOG] Reading... blockhelp
[LOG] Finished reading lang/en/blockhelp.lang
[LOG] Initializing Stencyl
[LOG] Failed to load Growl library
[LOG] MAXIMIZED FRAME
[LOG] Activated: Welcome Center
[LOG] Checking workspace writability and location: C:\Users\Joris/AppData/Roaming/Stencyl/temp
[LOG] Response: user::
[LOG] Logged in as: jojva
[LOG] Usergroup: Registered
[ERR] Attempting to log in
[LOG] Connected to StencylTalk as: jojva@stencyl.com/stencyl-1357995952301
[LOG] Refreshing friends list
[LOG] Presence changed: apoclyptika@stencyl.com/stencyl-1357993051703 available
[LOG] 200
[LOG] http://www.stencyl.com/sw/updater/getVersions/stencylworksBeta
[LOG] HTTP/1.1 200 OK
<r>
<server status = '200' version = '1beta' time = '1299439687' />	<version required="true" build="502" name="2.2.0" month="06" day="22" year="12" />
	<version required="true" build="501" name="2.1.0" month="05" day="25" year="12" />
	<version required="true" build="500" name="2.0.0" month="04" day="20" year="12" />
	<version required="false" build="415" name="1.4.1" month="01" day="23" year="12" />
	<version required="false" build="414" name="1.4.0" month="01" day="22" year="12" />
	<version required="false" build="413" name="1.3.4" month="12" day="19" year="11" />
	<version required="false" build="412" name="1.3.3" month="12" day="14" year="11" />
	<version required="false" build="411" name="1.3.2" month="12" day="12" year="11" />
	<version required="false" build="410" name="1.3.1" month="12" day="10" year="11" />
	<version required="false" build="409" name="1.3.0" month="12" day="09" year="11" />
	<version required="false" build="408" name="1.2.1" month="10" day="27" year="11" />
	<version required="false" build="407" name="1.2.0" month="10" day="26" year="11" />
	<version required="false" build="406" name="1.1.1" month="09" day="13" year="11" />
	<version required="false" build="405" name="1.1.0" month="09" day="08" year="11" />
	<version required="false" build="404" name="1.0.4" month="07" day="23" year="11" />
	<version required="false" build="403" name="1.0.3" month="07" day="21" year="11" />
	<version required="false" build="402" name="1.0.2" month="06" day="30" year="11" />
	<version required="false" build="401" name="1.0.1" month="05" day="31" year="11" />
	<version required="false" build="400" name="1.0.0" month="05" day="18" year="11" />
	<version required="false" build="399" name="0.9.9" month="05" day="18" year="11" />
</r>
<r><updateRootUrl value="http://static.stencyl.com/sw/stencylworksBeta/502" /></r>
[LOG] http://static.stencyl.com/sw/stencylworksBeta/502/html/filelist
[LOG] HTTP/1.1 200 OK
[LOG] http://www.stencyl.com/help/view/crash-course/
[LOG] Copy file from: C:\Users\Joris\Dropbox\Stencyl\youpla boom\Lolilol Knight.stencyl to: C:\Users\Joris\AppData\Local\Temp\stencyl1104493354206761202Lolilol Knight.zip
[LOG] Took 370ms
[LOG] Loading attribute into tree: Players
[LOG] Loading attribute into tree: Tiles
[LOG] Loading attribute into tree: Doodads
[LOG] Loading attribute into tree: Actors
[LOG] Loading attribute into tree: Regions
[LOG] Device OS: 4.3
[LOG] Simulator OS: 4.3
[LOG] Activated: Dashboard
[ERR] Could not delete file: C:\Users\Joris\AppData\Local\Temp\stencyl1104493354206761202\sandbox\build\code
[LOG] Took 1698ms
[LOG] Could not parse: C:\Users\Joris\AppData\Roaming\Stencyl\stencylworks\games\Lolilol Knight\resources\data.xml.bak
[LOG] Presence changed: apoclyptika@stencyl.com/stencyl-1357993051703 unavailable
[LOG] Presence changed: apoclyptika@stencyl.com/stencyl-1357996108455 available
[ERR] Design_0_0_
[ERR] Design_0_0_
[ERR] Design_0_0_
[ERR] Design_0_0_
[LOG] Action: Import Resource...
[LOG] Presence changed: apoclyptika@stencyl.com/stencyl-1357997281681 available
[LOG] Presence changed: apoclyptika@stencyl.com/stencyl-1357997281681 unavailable
[LOG] Attempting to quit out of Stencyl.
[LOG] Destroying extensions.
[LOG] Destroying Temporary Sandbox.
[LOG] Performing final close.
[LOG] Exiting...
